<?xml version="1.0" encoding="UTF-8"?>
<!-- Generated by org.testng.reporters.JUnitXMLReporter -->
<testsuite ignored="0" hostname="MacBooks-MBP.lan1" failures="2" tests="2" name="Default test" time="10.198" errors="0" timestamp="2023-03-02T10:09:20 GMT-06:00">
  <testcase classname="io.cucumber.testng.AbstractTestNGCucumberTests" name="runScenario" time="6.344">
    <failure type="io.cucumber.java.PendingException" message="TODO: implement me">
      <![CDATA[io.cucumber.java.PendingException: TODO: implement me
at com.stepdefinition.LoginStepDefinition.i_navigate_to_the_ritual_website(LoginStepDefinition.java:22)
at ✽.I navigate to the ritual website(file:///Users/macbookpro/eclipse-workspace/BddSample/src/test/resources/Feature/login.feature:9)
]]>
    </failure>
  </testcase> <!-- runScenario -->
  <testcase classname="com.runner.TestRunner" name="feature" time="3.244">
    <failure type="io.cucumber.java.PendingException" message="TODO: implement me">
      <![CDATA[io.cucumber.java.PendingException: TODO: implement me
at com.stepdefinition.LoginStepDefinition.i_navigate_to_the_ritual_website(LoginStepDefinition.java:22)
at ✽.I navigate to the ritual website(file:///Users/macbookpro/eclipse-workspace/BddSample/src/test/resources/Feature/login.feature:9)
]]>
    </failure>
  </testcase> <!-- feature -->
</testsuite> <!-- Default test -->
